<?xml version="1.0" encoding="UTF-8"?>
<!-- Generated by org.testng.reporters.JUnitXMLReporter -->
<testsuite hostname="DESKTOP-EH71MP7" ignored="0" name="Test" tests="1" failures="1" timestamp="11 Aug 2019 08:34:50 GMT" time="15.702" errors="0">
  <testcase name="@AfterClass tearDown" time="0.0" classname="BasicTestNG.Demo09_SSL_FF">
    <failure type="java.lang.NullPointerException">
      <![CDATA[java.lang.NullPointerException
at BasicTestNG.Demo09_SSL_FF.tearDown(Demo09_SSL_FF.java:37)
... Removed 26 stack frames]]>
    </failure>
  </testcase> <!-- @AfterClass tearDown -->
  <testcase name="openApplication" time="0.021" classname="BasicTestNG.Demo09_SSL_FF">
    <failure type="java.lang.NullPointerException">
      <![CDATA[java.lang.NullPointerException
at BasicTestNG.Demo09_SSL_FF.openApplication(Demo09_SSL_FF.java:28)
... Removed 25 stack frames]]>
    </failure>
  </testcase> <!-- openApplication -->
</testsuite> <!-- Test -->
