<?xml version="1.0" encoding="UTF-8"?>
<!-- Generated by org.testng.reporters.JUnitXMLReporter -->
<testsuite hostname="DESKTOP-EH71MP7" ignored="0" name="Default test" tests="3" failures="0" timestamp="07 Sep 2019 17:37:17 GMT" time="25.615" errors="0">
  <testcase name="googleTitle" time="0.021" classname="BasicTestNG.TestNGBasics_NAL"/>
  <testcase name="emailLinkTest" time="0.141" classname="BasicTestNG.TestNGBasics_NAL"/>
  <testcase name="logoTest" time="0.07" classname="BasicTestNG.TestNGBasics_NAL"/>
</testsuite> <!-- Default test -->
