<?xml version="1.0" encoding="UTF-8"?>
<!-- Generated by org.testng.reporters.JUnitXMLReporter -->
<testsuite hostname="DESKTOP-EH71MP7" ignored="1" name="Default test" tests="17" failures="0" timestamp="05 Aug 2019 14:52:29 GMT" time="0.137" errors="0">
  <testcase name="@BeforeSuite setup" time="0.0" classname="BasicTestNG.FBTestNG">
    <failure type="org.testng.TestNGException" message="
Parameter &amp;apos;url&amp;apos; is required by BeforeSuite on method setup but has not been marked @Optional or defined
in C:\Users\Admin\AppData\Local\Temp\testng-eclipse-1771942344\testng-customsuite.xml">
      <![CDATA[org.testng.TestNGException: 
Parameter 'url' is required by BeforeSuite on method setup but has not been marked @Optional or defined
in C:\Users\Admin\AppData\Local\Temp\testng-eclipse-1771942344\testng-customsuite.xml
at org.testng.internal.Parameters.createParams(Parameters.java:290)
at org.testng.internal.Parameters.createParametersForMethod(Parameters.java:359)
at org.testng.internal.Parameters.createParameters(Parameters.java:620)
at org.testng.internal.Parameters.createConfigurationParameters(Parameters.java:190)
at org.testng.internal.Invoker.invokeConfigurations(Invoker.java:209)
at org.testng.internal.Invoker.invokeConfigurations(Invoker.java:142)
at org.testng.SuiteRunner.privateRun(SuiteRunner.java:401)
at org.testng.SuiteRunner.run(SuiteRunner.java:364)
at org.testng.SuiteRunnerWorker.runSuite(SuiteRunnerWorker.java:52)
at org.testng.SuiteRunnerWorker.run(SuiteRunnerWorker.java:84)
at org.testng.TestNG.runSuitesSequentially(TestNG.java:1208)
at org.testng.TestNG.runSuitesLocally(TestNG.java:1137)
at org.testng.TestNG.runSuites(TestNG.java:1049)
at org.testng.TestNG.run(TestNG.java:1017)
at org.testng.remote.AbstractRemoteTestNG.run(AbstractRemoteTestNG.java:114)
at org.testng.remote.RemoteTestNG.initAndRun(RemoteTestNG.java:251)
at org.testng.remote.RemoteTestNG.main(RemoteTestNG.java:77)
]]>
    </failure>
  </testcase> <!-- @BeforeSuite setup -->
  <testcase name="@BeforeTest beforeTest" time="0.0" classname="BasicTestNG.Demo01_TestNGClass">
    <skipped/>
  </testcase> <!-- @BeforeTest beforeTest -->
  <testcase name="@BeforeTest beforeTest" time="0.0" classname="BasicTestNG.FlipCart_example">
    <skipped/>
  </testcase> <!-- @BeforeTest beforeTest -->
  <testcase name="@BeforeClass beforeClass" time="0.0" classname="BasicTestNG.Demo01_TestNGClass">
    <skipped/>
  </testcase> <!-- @BeforeClass beforeClass -->
  <testcase name="@BeforeMethod beforeMethod" time="0.0" classname="BasicTestNG.Demo01_TestNGClass">
    <skipped/>
  </testcase> <!-- @BeforeMethod beforeMethod -->
  <testcase name="@AfterMethod afterMethod" time="0.0" classname="BasicTestNG.Demo01_TestNGClass">
    <skipped/>
  </testcase> <!-- @AfterMethod afterMethod -->
  <testcase name="@AfterClass afterClass" time="0.0" classname="BasicTestNG.Demo01_TestNGClass">
    <skipped/>
  </testcase> <!-- @AfterClass afterClass -->
  <testcase name="@BeforeClass setUp" time="0.0" classname="BasicTestNG.Demo09_SSL_FF">
    <skipped/>
  </testcase> <!-- @BeforeClass setUp -->
  <testcase name="@AfterClass tearDown" time="0.0" classname="BasicTestNG.Demo09_SSL_FF">
    <skipped/>
  </testcase> <!-- @AfterClass tearDown -->
  <testcase name="@BeforeClass Setup" time="0.0" classname="BasicTestNG.ParameterAnnotation">
    <skipped/>
  </testcase> <!-- @BeforeClass Setup -->
  <testcase name="@AfterTest afterTest" time="0.0" classname="BasicTestNG.Demo01_TestNGClass">
    <skipped/>
  </testcase> <!-- @AfterTest afterTest -->
  <testcase name="@AfterTest afterTest" time="0.0" classname="BasicTestNG.FlipCart_example">
    <skipped/>
  </testcase> <!-- @AfterTest afterTest -->
  <testcase name="login" time="0.0" classname="BasicTestNG.Demo03_TestNG_Dependencies">
    <skipped/>
  </testcase> <!-- login -->
  <testcase name="test" time="0.0" classname="BasicTestNG.Demo01_TestNGClass">
    <skipped/>
  </testcase> <!-- test -->
  <testcase name="dashboard" time="0.0" classname="BasicTestNG.Demo03_TestNG_Dependencies">
    <skipped/>
  </testcase> <!-- dashboard -->
  <testcase name="openApplication" time="0.0" classname="BasicTestNG.Demo09_SSL_FF">
    <skipped/>
  </testcase> <!-- openApplication -->
  <testcase name="logout" time="0.0" classname="BasicTestNG.Demo03_TestNG_Dependencies">
    <skipped/>
  </testcase> <!-- logout -->
  <testcase name="bike" time="0.0" classname="BasicTestNG.Demo06_TestNG_Grouping">
    <skipped/>
  </testcase> <!-- bike -->
  <testcase name="bike1" time="0.0" classname="BasicTestNG.Demo06_TestNG_Grouping">
    <skipped/>
  </testcase> <!-- bike1 -->
  <testcase name="bike2" time="0.0" classname="BasicTestNG.Demo06_TestNG_Grouping">
    <skipped/>
  </testcase> <!-- bike2 -->
  <testcase name="car" time="0.0" classname="BasicTestNG.Demo06_TestNG_Grouping">
    <skipped/>
  </testcase> <!-- car -->
  <testcase name="car1" time="0.0" classname="BasicTestNG.Demo06_TestNG_Grouping">
    <skipped/>
  </testcase> <!-- car1 -->
  <testcase name="car2" time="0.0" classname="BasicTestNG.Demo06_TestNG_Grouping">
    <skipped/>
  </testcase> <!-- car2 -->
  <testcase name="f" time="0.0" classname="BasicTestNG.FlipCart_example">
    <skipped/>
  </testcase> <!-- f -->
  <testcase name="test" time="0.0" classname="BasicTestNG.ParameterAnnotation">
    <skipped/>
  </testcase> <!-- test -->
  <testcase name="test02" time="0.0" classname="BasicTestNG.Demo02_TestNG_Priority">
    <skipped/>
  </testcase> <!-- test02 -->
  <testcase name="login" time="0.0" classname="BasicTestNG.FBTestNG">
    <skipped/>
  </testcase> <!-- login -->
  <testcase name="login" time="0.0" classname="BasicTestNG.FBTestNG">
    <skipped/>
  </testcase> <!-- login -->
  <testcase name="test03" time="0.0" classname="BasicTestNG.Demo02_TestNG_Priority">
    <skipped/>
  </testcase> <!-- test03 -->
  <testcase name="test01" time="0.0" classname="BasicTestNG.Demo02_TestNG_Priority">
    <ignored/>
  </testcase> <!-- test01 -->
</testsuite> <!-- Default test -->
