<?xml version="1.0" encoding="UTF-8"?>
<testng-results skipped="0" failed="0" ignored="0" total="3" passed="3">
  <reporter-output>
  </reporter-output>
  <suite name="Default suite" duration-ms="21247" started-at="2019-09-07T07:40:52Z" finished-at="2019-09-07T07:41:13Z">
    <groups>
    </groups>
    <test name="Default test" duration-ms="21247" started-at="2019-09-07T07:40:52Z" finished-at="2019-09-07T07:41:13Z">
      <class name="BasicTestNG.TestNGBasics_NAL">
        <test-method status="PASS" signature="setUp()[pri:0, instance:BasicTestNG.TestNGBasics_NAL@18be83e4]" name="setUp" is-config="true" duration-ms="8105" started-at="2019-09-07T07:40:52Z" finished-at="2019-09-07T07:41:00Z">
          <reporter-output>
          </reporter-output>
        </test-method> <!-- setUp -->
        <test-method status="PASS" signature="emailLinkTest()[pri:0, instance:BasicTestNG.TestNGBasics_NAL@18be83e4]" name="emailLinkTest" duration-ms="92" started-at="2019-09-07T07:41:00Z" finished-at="2019-09-07T07:41:00Z">
          <reporter-output>
          </reporter-output>
        </test-method> <!-- emailLinkTest -->
        <test-method status="PASS" signature="tearDown()[pri:0, instance:BasicTestNG.TestNGBasics_NAL@18be83e4]" name="tearDown" is-config="true" duration-ms="781" started-at="2019-09-07T07:41:00Z" finished-at="2019-09-07T07:41:01Z">
          <reporter-output>
          </reporter-output>
        </test-method> <!-- tearDown -->
        <test-method status="PASS" signature="setUp()[pri:0, instance:BasicTestNG.TestNGBasics_NAL@18be83e4]" name="setUp" is-config="true" duration-ms="5417" started-at="2019-09-07T07:41:01Z" finished-at="2019-09-07T07:41:06Z">
          <reporter-output>
          </reporter-output>
        </test-method> <!-- setUp -->
        <test-method status="PASS" signature="googleTitle()[pri:0, instance:BasicTestNG.TestNGBasics_NAL@18be83e4]" name="googleTitle" duration-ms="15" started-at="2019-09-07T07:41:06Z" finished-at="2019-09-07T07:41:06Z">
          <reporter-output>
          </reporter-output>
        </test-method> <!-- googleTitle -->
        <test-method status="PASS" signature="tearDown()[pri:0, instance:BasicTestNG.TestNGBasics_NAL@18be83e4]" name="tearDown" is-config="true" duration-ms="742" started-at="2019-09-07T07:41:06Z" finished-at="2019-09-07T07:41:07Z">
          <reporter-output>
          </reporter-output>
        </test-method> <!-- tearDown -->
        <test-method status="PASS" signature="setUp()[pri:0, instance:BasicTestNG.TestNGBasics_NAL@18be83e4]" name="setUp" is-config="true" duration-ms="5214" started-at="2019-09-07T07:41:07Z" finished-at="2019-09-07T07:41:12Z">
          <reporter-output>
          </reporter-output>
        </test-method> <!-- setUp -->
        <test-method status="PASS" signature="logoTest()[pri:0, instance:BasicTestNG.TestNGBasics_NAL@18be83e4]" name="logoTest" duration-ms="65" started-at="2019-09-07T07:41:12Z" finished-at="2019-09-07T07:41:12Z">
          <reporter-output>
          </reporter-output>
        </test-method> <!-- logoTest -->
        <test-method status="PASS" signature="tearDown()[pri:0, instance:BasicTestNG.TestNGBasics_NAL@18be83e4]" name="tearDown" is-config="true" duration-ms="762" started-at="2019-09-07T07:41:12Z" finished-at="2019-09-07T07:41:13Z">
          <reporter-output>
          </reporter-output>
        </test-method> <!-- tearDown -->
      </class> <!-- BasicTestNG.TestNGBasics_NAL -->
    </test> <!-- Default test -->
  </suite> <!-- Default suite -->
</testng-results>
